<?xml version="1.0" encoding="UTF-8"?>
<!-- Generated by org.testng.reporters.JUnitReportReporter -->
<testsuite skipped="0" hostname="w8" name="com.qa.Tests.CreateAccountTest2" tests="1" failures="0" timestamp="09 Apr 2022 20:14:08 GMT" time="27.056" errors="0">
  <testcase name="createAccTest" time="27.056" classname="com.qa.Tests.CreateAccountTest2"/>
</testsuite> <!-- com.qa.Tests.CreateAccountTest2 -->
