<?xml version="1.0" encoding="UTF-8"?>
<!-- Generated by org.testng.reporters.JUnitReportReporter -->
<testsuite skipped="0" hostname="w8" name="com.qa.Tests.SettingsTest003" tests="1" failures="0" timestamp="10 Apr 2022 18:52:41 GMT" time="9.234" errors="0">
  <testcase name="updateSettings" time="9.234" classname="com.qa.Tests.SettingsTest003"/>
</testsuite> <!-- com.qa.Tests.SettingsTest003 -->
