<?xml version="1.0" encoding="UTF-8"?>
<!-- Generated by org.testng.reporters.JUnitReportReporter -->
<testsuite skipped="0" hostname="w8" name="com.qa.Tests.LoginTest002" tests="1" failures="0" timestamp="10 Apr 2022 18:52:41 GMT" time="11.774" errors="0">
  <testcase name="LoginPageTest" time="11.774" classname="com.qa.Tests.LoginTest002"/>
</testsuite> <!-- com.qa.Tests.LoginTest002 -->
